{"name": "Проверка апи теста", "status": "failed", "statusDetails": {"message": "AssertionError: тест неуспешный\nassert 6 == 3\n +  where 6 = len([{'avatar': 'https://reqres.in/img/faces/1-image.jpg', 'email': 'george.bluth@reqres.in', 'first_name': 'George', 'id'...': 'https://reqres.in/img/faces/6-image.jpg', 'email': 'tracey.ramos@reqres.in', 'first_name': 'Tracey', 'id': 6, ...}])", "trace": "page = 1, data = 3, message = 'тест неуспешный'\n\n    @allure.title (\"Проверка апи теста\")\n    @allure.story (\"Проверка апи теста1\")\n    @allure.feature (\"Проверка апи теста2\")\n    @pytest.mark.parametrize(\"page, data, message\", [(1, 6, 'тест успешный'), (1, 3, 'тест неуспешный'), (1, 5, 'Тест неуспешный')])\n    # @pytest.mark.parametrize(\"page, data\", [(1, 6),pytest.param(1, generate()), (1, 5)])\n    # @pytest.mark.parametrize(\"page, data\", [(1, 6),pytest.param(1, 6, marks=pytest.mark.xfail), (1, 5)])\n    def test_api_post(page, data, message):\n        with allure.step(\"Подготовка тестовых данных\"):\n            url = \"https://reqres.in/api/users?delay=3\"\n    \n            headers = {\n                'accept': '*/*',\n                'accept-language': 'en-US,en;q=0.9,ru;q=0.8',\n                'content-type': 'application/json',\n                'user-agent': 'Mozilla/5.0 (Linux; Android 6.0; Nexus 5 Build/MRA58N) AppleWebKit/537.36 (KHTML, like Gecko) Chrome/141.0.0.0 Mobile Safari/537.36',\n                'x-api-key': 'reqres-free-v1',\n                'Cookie': '__stripe_mid=ef8e35d8-2039-4ea5-b3d0-9508fae52aeeceb381; _ga_CESXN06JTW=GS2.1.s1761158214$o2$g1$t1761158215$j59$l0$h0; _ga=GA1.1.644500490.1761151719; _ga_WSM10MMEKC=GS2.2.s1761158216$o2$g0$t1761158216$j60$l0$h0'\n            }\n        with allure.step('Вызов метода api/api/users?delay=3'):\n            response = requests.request(\"GET\", url, headers=headers)\n    \n        with allure.step('Проверка поля page'):\n            assert response.json()['page'] == page,message\n        with allure.step('Проверка поля data'):\n>           assert len(response.json()['data']) == data, message\nE           AssertionError: тест неуспешный\nE           assert 6 == 3\nE            +  where 6 = len([{'avatar': 'https://reqres.in/img/faces/1-image.jpg', 'email': 'george.bluth@reqres.in', 'first_name': 'George', 'id'...': 'https://reqres.in/img/faces/6-image.jpg', 'email': 'tracey.ramos@reqres.in', 'first_name': 'Tracey', 'id': 6, ...}])\n\ntest_parametrize_2.py:30: AssertionError"}, "steps": [{"name": "Подготовка тестовых данных", "status": "passed", "start": 1761589380080, "stop": 1761589380080}, {"name": "Вызов метода api/api/users?delay=3", "status": "passed", "start": 1761589380080, "stop": 1761589383644}, {"name": "Проверка поля page", "status": "passed", "start": 1761589383644, "stop": 1761589383645}, {"name": "Проверка поля data", "status": "failed", "statusDetails": {"message": "AssertionError: тест неуспешный\nassert 6 == 3\n +  where 6 = len([{'avatar': 'https://reqres.in/img/faces/1-image.jpg', 'email': 'george.bluth@reqres.in', 'first_name': 'George', 'id'...': 'https://reqres.in/img/faces/6-image.jpg', 'email': 'tracey.ramos@reqres.in', 'first_name': 'Tracey', 'id': 6, ...}])\n", "trace": "  File \"/Users/hanna.mbp/PycharmProjects/QA2825/anna_garbuzova/class_work/class_work_5/test_parametrize_2.py\", line 30, in test_api_post\n    assert len(response.json()['data']) == data, message\n"}, "start": 1761589383645, "stop": 1761589383645}], "parameters": [{"name": "page", "value": "1"}, {"name": "data", "value": "3"}, {"name": "message", "value": "'тест неуспешный'"}], "start": 1761589380080, "stop": 1761589383647, "uuid": "bd551b37-06de-4a6d-8f40-9619561842f2", "historyId": "36291a4c102a2c0c59a88a214654b196", "testCaseId": "252c7ef072ce6d2f30d7a9984ec90d4d", "fullName": "test_parametrize_2#test_api_post", "labels": [{"name": "feature", "value": "Проверка апи теста2"}, {"name": "story", "value": "Проверка апи теста1"}, {"name": "suite", "value": "test_parametrize_2"}, {"name": "host", "value": "MacBook-Pro.local"}, {"name": "thread", "value": "56992-MainThread"}, {"name": "framework", "value": "pytest"}, {"name": "language", "value": "cpython3"}, {"name": "package", "value": "test_parametrize_2"}], "titlePath": ["test_parametrize_2.py"]}